<?xml version="1.0" encoding="UTF-8"?>
<!-- Generated by org.testng.reporters.JUnitReportReporter -->
<testsuite hostname="Praveen-PC" failures="0" tests="1" name="reportsPractice.ReportSample" time="6.732" errors="0" timestamp="2024-02-05T22:29:25 IST" skipped="0">
  <testcase classname="reportsPractice.ReportSample" name="sampleApplication" time="6.732"/>
</testsuite> <!-- reportsPractice.ReportSample -->
