<?xml version="1.0" encoding="UTF-8"?>
<!-- Generated by org.testng.reporters.JUnitReportReporter -->
<testsuite hostname="Praveen-PC" failures="0" tests="2" name="shoppingFramework.ShoppingErrorValidations" time="10.690" errors="0" timestamp="2024-02-24T16:58:40 IST" skipped="0">
  <testcase classname="shoppingFramework.ShoppingErrorValidations" name="errorValidation" time="4.176"/>
  <testcase classname="shoppingFramework.ShoppingErrorValidations" name="errorValidation" time="6.514"/>
</testsuite> <!-- shoppingFramework.ShoppingErrorValidations -->
