<?xml version="1.0" encoding="UTF-8"?>
<!-- Generated by org.testng.reporters.JUnitReportReporter -->
<testsuite hostname="Praveen-PC" failures="0" tests="2" name="shoppingFramework.ShoppingApplicationHashMap" time="34.527" errors="0" timestamp="2024-02-05T21:01:56 IST" skipped="0">
  <testcase classname="shoppingFramework.ShoppingApplicationHashMap" name="processApplication" time="15.723"/>
  <testcase classname="shoppingFramework.ShoppingApplicationHashMap" name="processApplication" time="18.804"/>
</testsuite> <!-- shoppingFramework.ShoppingApplicationHashMap -->
