<?xml version="1.0" encoding="UTF-8"?>
<!-- Generated by org.testng.reporters.JUnitReportReporter -->
<testsuite hostname="Praveen-PC" failures="0" tests="2" name="shoppingFramework.ShoppingApplicationDataObjects" time="32.147" errors="0" timestamp="2024-02-05T20:55:50 IST" skipped="0">
  <testcase classname="shoppingFramework.ShoppingApplicationDataObjects" name="processApplication" time="14.219"/>
  <testcase classname="shoppingFramework.ShoppingApplicationDataObjects" name="processApplication" time="17.928"/>
</testsuite> <!-- shoppingFramework.ShoppingApplicationDataObjects -->
