<?xml version="1.0" encoding="UTF-8"?>
<!-- Generated by org.testng.reporters.JUnitReportReporter -->
<testsuite hostname="Praveen-PC" failures="0" tests="2" name="shoppingFramework.ShoppingApplicationJsonData" time="31.648" errors="0" timestamp="2024-02-24T16:52:05 IST" skipped="0">
  <testcase classname="shoppingFramework.ShoppingApplicationJsonData" name="processApplication" time="15.534"/>
  <testcase classname="shoppingFramework.ShoppingApplicationJsonData" name="processApplication" time="16.114"/>
</testsuite> <!-- shoppingFramework.ShoppingApplicationJsonData -->
