<?xml version="1.0" encoding="UTF-8"?>
<!-- Generated by org.testng.reporters.JUnitReportReporter -->
<testsuite hostname="Praveen-PC" failures="0" tests="2" name="shoppingFramework.ShoppingApplicationJsonData" time="40.308" errors="0" timestamp="2024-02-05T23:36:58 IST" skipped="0">
  <testcase classname="shoppingFramework.ShoppingApplicationJsonData" name="processApplication" time="23.856"/>
  <testcase classname="shoppingFramework.ShoppingApplicationJsonData" name="processApplication" time="16.452"/>
</testsuite> <!-- shoppingFramework.ShoppingApplicationJsonData -->
