<?xml version="1.0" encoding="UTF-8"?>
<!-- Generated by org.testng.reporters.JUnitReportReporter -->
<testsuite hostname="Praveen-PC" failures="0" tests="2" name="shoppingFramework.ShoppingApplicationJsonData" time="48.852" errors="0" timestamp="2024-02-15T15:49:52 IST" skipped="0">
  <testcase classname="shoppingFramework.ShoppingApplicationJsonData" name="processApplication" time="26.242"/>
  <testcase classname="shoppingFramework.ShoppingApplicationJsonData" name="processApplication" time="22.610"/>
</testsuite> <!-- shoppingFramework.ShoppingApplicationJsonData -->
