<?xml version="1.0" encoding="UTF-8"?>
<!-- Generated by org.testng.reporters.JUnitReportReporter -->
<testsuite hostname="Praveen-PC" failures="0" tests="2" name="shoppingFramework.ShoppingErrorValidations" time="27.103" errors="0" timestamp="2024-02-15T15:49:52 IST" skipped="0">
  <testcase classname="shoppingFramework.ShoppingErrorValidations" name="errorValidation" time="14.054"/>
  <testcase classname="shoppingFramework.ShoppingErrorValidations" name="errorValidation" time="13.049"/>
</testsuite> <!-- shoppingFramework.ShoppingErrorValidations -->
